#
# There is insufficient memory for the Java Runtime Environment to continue.
# Native memory allocation (mmap) failed to map 134217728 bytes for G1 virtual space
# Possible reasons:
#   The system is out of physical RAM or swap space
#   The process is running with CompressedOops enabled, and the Java Heap may be blocking the growth of the native heap
# Possible solutions:
#   Reduce memory load on the system
#   Increase physical memory or swap space
#   Check if swap backing store is full
#   Decrease Java heap size (-Xmx/-Xms)
#   Decrease number of Java threads
#   Decrease Java thread stack sizes (-Xss)
#   Set larger code cache with -XX:ReservedCodeCacheSize=
#   JVM is running with Unscaled Compressed Oops mode in which the Java heap is
#     placed in the first 4GB address space. The Java Heap base address is the
#     maximum limit for the native heap growth. Please use -XX:HeapBaseMinAddress
#     to set the Java Heap base and to place the Java Heap above 4GB virtual address.
# This output file may be truncated or incomplete.
#
#  Out of Memory Error (os_windows.cpp:3535), pid=18280, tid=19300
#
# JRE version:  (17.0.3.1+2) (build )
# Java VM: Java HotSpot(TM) 64-Bit Server VM (17.0.3.1+2-LTS-6, mixed mode, sharing, tiered, compressed oops, compressed class ptrs, g1 gc, windows-amd64)
# No core dump will be written. Minidumps are not enabled by default on client versions of Windows
#

---------------  S U M M A R Y ------------

Command Line: -javaagent:C:\Program Files\JetBrains\IntelliJ IDEA Community Edition 2022.2.3\lib\idea_rt.jar=50752:C:\Program Files\JetBrains\IntelliJ IDEA Community Edition 2022.2.3\bin -Dfile.encoding=UTF-8 Lista02_Exercicio03

Host: Intel(R) Core(TM) i5-8250U CPU @ 1.60GHz, 8 cores, 7G,  Windows 11 , 64 bit Build 22621 (10.0.22621.755)
Time: Wed Nov 23 15:42:41 2022 Hora oficial do Brasil elapsed time: 0.025835 seconds (0d 0h 0m 0s)

---------------  T H R E A D  ---------------

Current thread (0x000002cf4c9ea1b0):  JavaThread "Unknown thread" [_thread_in_vm, id=19300, stack(0x000000ed7d300000,0x000000ed7d400000)]

Stack: [0x000000ed7d300000,0x000000ed7d400000]
Native frames: (J=compiled Java code, j=interpreted, Vv=VM code, C=native code)
V  [jvm.dll+0x6711ba]
V  [jvm.dll+0x7d0834]
V  [jvm.dll+0x7d1fde]
V  [jvm.dll+0x7d2643]
V  [jvm.dll+0x242c85]
V  [jvm.dll+0x66e0d9]
V  [jvm.dll+0x662a22]
V  [jvm.dll+0x300ddb]
V  [jvm.dll+0x308376]
V  [jvm.dll+0x357f7e]
V  [jvm.dll+0x3581af]
V  [jvm.dll+0x2d7ff8]
V  [jvm.dll+0x2d8f64]
V  [jvm.dll+0x7a2411]
V  [jvm.dll+0x365d01]
V  [jvm.dll+0x78187c]
V  [jvm.dll+0x3e873f]
V  [jvm.dll+0x3ea1e1]
C  [jli.dll+0x527b]
C  [ucrtbase.dll+0x29363]
C  [KERNEL32.DLL+0x1244d]
C  [ntdll.dll+0x5dfb8]


---------------  P R O C E S S  ---------------

Threads class SMR info:
_java_thread_list=0x00007ffabf729858, length=0, elements={
}

Java Threads: ( => current thread )

Other Threads:
  0x000002cf4ca44f40 GCTaskThread "GC Thread#0" [stack: 0x000000ed7d400000,0x000000ed7d500000] [id=13992]
  0x000002cf4ca55c20 ConcurrentGCThread "G1 Main Marker" [stack: 0x000000ed7d500000,0x000000ed7d600000] [id=18360]
  0x000002cf4ca56dd0 ConcurrentGCThread "G1 Conc#0" [stack: 0x000000ed7d600000,0x000000ed7d700000] [id=6840]

[error occurred during error reporting (printing all threads), id 0xc0000005, EXCEPTION_ACCESS_VIOLATION (0xc0000005) at pc=0x00007ffabef789e7]

VM state: not at safepoint (not fully initialized)

VM Mutex/Monitor currently owned by a thread:  ([mutex/lock_event])
[0x000002cf4c9e4d00] Heap_lock - owner thread: 0x000002cf4c9ea1b0

Heap address: 0x0000000081e00000, size: 2018 MB, Compressed Oops mode: 32-bit

CDS archive(s) mapped at: [0x0000000000000000-0x0000000000000000-0x0000000000000000), size 0, SharedBaseAddress: 0x0000000800000000, ArchiveRelocationMode: 0.
Narrow klass base: 0x0000000000000000, Narrow klass shift: 0, Narrow klass range: 0x0

GC Precious Log:
<Empty>

Heap:
 garbage-first heap   total 0K, used 0K [0x0000000081e00000, 0x0000000100000000)
  region size 1024K, 0 young (0K), 0 survivors (0K)

[error occurred during error reporting (printing heap information), id 0xc0000005, EXCEPTION_ACCESS_VIOLATION (0xc0000005) at pc=0x00007ffabf35a629]

GC Heap History (0 events):
No events

Deoptimization events (0 events):
No events

Classes unloaded (0 events):
No events

Classes redefined (0 events):
No events

Internal exceptions (0 events):
No events

VM Operations (0 events):
No events

Events (1 events):
Event: 0.010 Loaded shared library C:\Program Files\Java\jdk-17.0.3.1\bin\java.dll


Dynamic libraries:
0x00007ff695f60000 - 0x00007ff695f70000 	C:\Program Files\Java\jdk-17.0.3.1\bin\java.exe
0x00007ffb18e50000 - 0x00007ffb19064000 	C:\WINDOWS\SYSTEM32\ntdll.dll
0x00007ffb17590000 - 0x00007ffb17652000 	C:\WINDOWS\System32\KERNEL32.DLL
0x00007ffb165e0000 - 0x00007ffb1697d000 	C:\WINDOWS\System32\KERNELBASE.dll
0x00007ffb16300000 - 0x00007ffb16411000 	C:\WINDOWS\System32\ucrtbase.dll
0x00007ffb10630000 - 0x00007ffb10648000 	C:\Program Files\Java\jdk-17.0.3.1\bin\jli.dll
0x00007ffb12b00000 - 0x00007ffb12b1a000 	C:\Program Files\Java\jdk-17.0.3.1\bin\VCRUNTIME140.dll
0x00007ffb174e0000 - 0x00007ffb1758e000 	C:\WINDOWS\System32\ADVAPI32.dll
0x00007ffb17990000 - 0x00007ffb17a37000 	C:\WINDOWS\System32\msvcrt.dll
0x00007ffb184f0000 - 0x00007ffb18594000 	C:\WINDOWS\System32\sechost.dll
0x00007ffb185f0000 - 0x00007ffb18705000 	C:\WINDOWS\System32\RPCRT4.dll
0x00007ffb17b60000 - 0x00007ffb17d0a000 	C:\WINDOWS\System32\USER32.dll
0x00007ffb16980000 - 0x00007ffb169a6000 	C:\WINDOWS\System32\win32u.dll
0x00007ffafaa80000 - 0x00007ffafad0e000 	C:\WINDOWS\WinSxS\amd64_microsoft.windows.common-controls_6595b64144ccf1df_6.0.22621.608_none_a9444ca7c10bb01d\COMCTL32.dll
0x00007ffb189f0000 - 0x00007ffb18a19000 	C:\WINDOWS\System32\GDI32.dll
0x00007ffb16420000 - 0x00007ffb16532000 	C:\WINDOWS\System32\gdi32full.dll
0x00007ffb16540000 - 0x00007ffb165da000 	C:\WINDOWS\System32\msvcp_win.dll
0x00007ffb0ee00000 - 0x00007ffb0ee0a000 	C:\WINDOWS\SYSTEM32\VERSION.dll
0x00007ffb174a0000 - 0x00007ffb174d2000 	C:\WINDOWS\System32\IMM32.DLL
0x00007ffb12ba0000 - 0x00007ffb12bac000 	C:\Program Files\Java\jdk-17.0.3.1\bin\vcruntime140_1.dll
0x00007ffb04b50000 - 0x00007ffb04bdd000 	C:\Program Files\Java\jdk-17.0.3.1\bin\msvcp140.dll
0x00007ffabec90000 - 0x00007ffabf850000 	C:\Program Files\Java\jdk-17.0.3.1\bin\server\jvm.dll
0x00007ffb189e0000 - 0x00007ffb189e8000 	C:\WINDOWS\System32\PSAPI.DLL
0x00007ffaffe70000 - 0x00007ffaffe79000 	C:\WINDOWS\SYSTEM32\WSOCK32.dll
0x00007ffb0f330000 - 0x00007ffb0f364000 	C:\WINDOWS\SYSTEM32\WINMM.dll
0x00007ffb17770000 - 0x00007ffb177e1000 	C:\WINDOWS\System32\WS2_32.dll
0x00007ffb153e0000 - 0x00007ffb153f8000 	C:\WINDOWS\SYSTEM32\kernel.appcore.dll
0x00007ffb12920000 - 0x00007ffb1292a000 	C:\Program Files\Java\jdk-17.0.3.1\bin\jimage.dll
0x00007ffb13e60000 - 0x00007ffb1408e000 	C:\WINDOWS\SYSTEM32\DBGHELP.DLL
0x00007ffb18a80000 - 0x00007ffb18e0a000 	C:\WINDOWS\System32\combase.dll
0x00007ffb17680000 - 0x00007ffb17757000 	C:\WINDOWS\System32\OLEAUT32.dll
0x00007ffb03f70000 - 0x00007ffb03fa2000 	C:\WINDOWS\SYSTEM32\dbgcore.DLL
0x00007ffb16280000 - 0x00007ffb162fb000 	C:\WINDOWS\System32\bcryptPrimitives.dll
0x00007ffb103a0000 - 0x00007ffb103ae000 	C:\Program Files\Java\jdk-17.0.3.1\bin\instrument.dll
0x00007ffb063f0000 - 0x00007ffb06415000 	C:\Program Files\Java\jdk-17.0.3.1\bin\java.dll

dbghelp: loaded successfully - version: 4.0.5 - missing functions: none
symbol engine: initialized successfully - sym options: 0x614 - pdb path: .;C:\Program Files\Java\jdk-17.0.3.1\bin;C:\WINDOWS\SYSTEM32;C:\WINDOWS\WinSxS\amd64_microsoft.windows.common-controls_6595b64144ccf1df_6.0.22621.608_none_a9444ca7c10bb01d;C:\Program Files\Java\jdk-17.0.3.1\bin\server

VM Arguments:
jvm_args: -javaagent:C:\Program Files\JetBrains\IntelliJ IDEA Community Edition 2022.2.3\lib\idea_rt.jar=50752:C:\Program Files\JetBrains\IntelliJ IDEA Community Edition 2022.2.3\bin -Dfile.encoding=UTF-8 
java_command: Lista02_Exercicio03
java_class_path (initial): C:\Users\Bruna\AutomaçãodeTestes\Aula11_11\out\production\Aula11_11
Launcher Type: SUN_STANDARD

[Global flags]
     intx CICompilerCount                          = 4                                         {product} {ergonomic}
     uint ConcGCThreads                            = 2                                         {product} {ergonomic}
     uint G1ConcRefinementThreads                  = 8                                         {product} {ergonomic}
   size_t G1HeapRegionSize                         = 1048576                                   {product} {ergonomic}
    uintx GCDrainStackTargetSize                   = 64                                        {product} {ergonomic}
   size_t InitialHeapSize                          = 134217728                                 {product} {ergonomic}
   size_t MarkStackSize                            = 4194304                                   {product} {ergonomic}
   size_t MaxHeapSize                              = 2116026368                                {product} {ergonomic}
   size_t MinHeapDeltaBytes                        = 1048576                                   {product} {ergonomic}
   size_t MinHeapSize                              = 8388608                                   {product} {ergonomic}
    uintx NonNMethodCodeHeapSize                   = 5839372                                {pd product} {ergonomic}
    uintx NonProfiledCodeHeapSize                  = 122909434                              {pd product} {ergonomic}
    uintx ProfiledCodeHeapSize                     = 122909434                              {pd product} {ergonomic}
    uintx ReservedCodeCacheSize                    = 251658240                              {pd product} {ergonomic}
     bool SegmentedCodeCache                       = true                                      {product} {ergonomic}
   size_t SoftMaxHeapSize                          = 2116026368                             {manageable} {ergonomic}
     bool UseCompressedClassPointers               = true                           {product lp64_product} {ergonomic}
     bool UseCompressedOops                        = true                           {product lp64_product} {ergonomic}
     bool UseG1GC                                  = true                                      {product} {ergonomic}
     bool UseLargePagesIndividualAllocation        = false                                  {pd product} {ergonomic}

Logging:
Log output configuration:
 #0: stdout all=warning uptime,level,tags
 #1: stderr all=off uptime,level,tags

Environment Variables:
PATH=C:\Program Files\Common Files\Oracle\Java\javapath;C:\WINDOWS\system32;C:\WINDOWS;C:\WINDOWS\System32\Wbem;C:\WINDOWS\System32\WindowsPowerShell\v1.0\;C:\WINDOWS\System32\OpenSSH\;C:\Program Files\Git\cmd;C:\Users\Bruna\AppData\Local\Programs\Python\Python310\Scripts\;C:\Users\Bruna\AppData\Local\Programs\Python\Python310\;C:\Users\Bruna\AppData\Local\Microsoft\WindowsApps;;C:\Users\Bruna\AppData\Local\Programs\Microsoft VS Code\bin;C:\Program Files\JetBrains\IntelliJ IDEA Community Edition 2022.2.3\bin;
USERNAME=Bruna
OS=Windows_NT
PROCESSOR_IDENTIFIER=Intel64 Family 6 Model 142 Stepping 10, GenuineIntel



---------------  S Y S T E M  ---------------

OS:
 Windows 11 , 64 bit Build 22621 (10.0.22621.755)
OS uptime: 1 days 20:37 hours

CPU: total 8 (initial active 8) (4 cores per cpu, 2 threads per core) family 6 model 142 stepping 10 microcode 0xe0, cx8, cmov, fxsr, ht, mmx, 3dnowpref, sse, sse2, sse3, ssse3, sse4.1, sse4.2, popcnt, lzcnt, tsc, tscinvbit, avx, avx2, aes, erms, clmul, bmi1, bmi2, adx, fma, vzeroupper, clflush, clflushopt

Memory: 4k page, system-wide physical 8071M (880M free)
TotalPageFile size 32647M (AvailPageFile size 100M)
current process WorkingSet (physical memory assigned to process): 11M, peak: 11M
current process commit charge ("private bytes"): 60M, peak: 188M

vm_info: Java HotSpot(TM) 64-Bit Server VM (17.0.3.1+2-LTS-6) for windows-amd64 JRE (17.0.3.1+2-LTS-6), built on Apr 25 2022 22:04:21 by "mach5one" with MS VC++ 16.8 / 16.9 (VS2019)

END.
